Using pre-set license
Built from '2021.3/staging' branch; Version is '2021.3.7f1 (24e8595d6d43) revision 2418777'; Using compiler version '192829333'; Build Type 'Release'
OS: 'Windows 10  (10.0.19044) 64bit Professional' Language: 'ru' Physical Memory: 32453 MB
BatchMode: 1, IsHumanControllingUs: 0, StartBugReporterOnCrash: 0, Is64bit: 1, IsPro: 1

COMMAND LINE ARGUMENTS:
C:\Program Files\Unity\Hub\Editor\2021.3.7f1\Editor\Unity.exe
-adb2
-batchMode
-noUpm
-name
AssetImportWorker2
-projectPath
C:/Users/User/Documents/GitHub/SurGU.Gamedev_Atomnoe-serdtse
-logFile
Logs/AssetImportWorker2.log
-srvPort
54550
Successfully changed project path to: C:/Users/User/Documents/GitHub/SurGU.Gamedev_Atomnoe-serdtse
C:/Users/User/Documents/GitHub/SurGU.Gamedev_Atomnoe-serdtse
[UnityMemory] Configuration Parameters - Can be set up in boot.config
    "memorysetup-bucket-allocator-granularity=16"
    "memorysetup-bucket-allocator-bucket-count=8"
    "memorysetup-bucket-allocator-block-size=33554432"
    "memorysetup-bucket-allocator-block-count=8"
    "memorysetup-main-allocator-block-size=16777216"
    "memorysetup-thread-allocator-block-size=16777216"
    "memorysetup-gfx-main-allocator-block-size=16777216"
    "memorysetup-gfx-thread-allocator-block-size=16777216"
    "memorysetup-cache-allocator-block-size=4194304"
    "memorysetup-typetree-allocator-block-size=2097152"
    "memorysetup-profiler-bucket-allocator-granularity=16"
    "memorysetup-profiler-bucket-allocator-bucket-count=8"
    "memorysetup-profiler-bucket-allocator-block-size=33554432"
    "memorysetup-profiler-bucket-allocator-block-count=8"
    "memorysetup-profiler-allocator-block-size=16777216"
    "memorysetup-profiler-editor-allocator-block-size=1048576"
    "memorysetup-temp-allocator-size-main=16777216"
    "memorysetup-job-temp-allocator-block-size=2097152"
    "memorysetup-job-temp-allocator-block-size-background=1048576"
    "memorysetup-job-temp-allocator-reduction-small-platforms=262144"
    "memorysetup-temp-allocator-size-background-worker=32768"
    "memorysetup-temp-allocator-size-job-worker=262144"
    "memorysetup-temp-allocator-size-preload-manager=33554432"
    "memorysetup-temp-allocator-size-nav-mesh-worker=65536"
    "memorysetup-temp-allocator-size-audio-worker=65536"
    "memorysetup-temp-allocator-size-cloud-worker=32768"
    "memorysetup-temp-allocator-size-gi-baking-worker=262144"
    "memorysetup-temp-allocator-size-gfx=262144"
Refreshing native plugins compatible for Editor in 105.42 ms, found 3 plugins.
Preloading 0 native plugins for Editor in 0.00 ms.
Initialize engine version: 2021.3.7f1 (24e8595d6d43)
[Subsystems] Discovering subsystems at path C:/Program Files/Unity/Hub/Editor/2021.3.7f1/Editor/Data/Resources/UnitySubsystems
[Subsystems] Discovering subsystems at path C:/Users/User/Documents/GitHub/SurGU.Gamedev_Atomnoe-serdtse/Assets
GfxDevice: creating device client; threaded=0; jobified=0
Direct3D:
    Version:  Direct3D 11.0 [level 11.1]
    Renderer: NVIDIA GeForce GTX 1650 (ID=0x1f91)
    Vendor:   NVIDIA
    VRAM:     3962 MB
    Driver:   30.0.14.7141
Initialize mono
Mono path[0] = 'C:/Program Files/Unity/Hub/Editor/2021.3.7f1/Editor/Data/Managed'
Mono path[1] = 'C:/Program Files/Unity/Hub/Editor/2021.3.7f1/Editor/Data/MonoBleedingEdge/lib/mono/unityjit-win32'
Mono config path = 'C:/Program Files/Unity/Hub/Editor/2021.3.7f1/Editor/Data/MonoBleedingEdge/etc'
Using monoOptions --debugger-agent=transport=dt_socket,embedding=1,server=y,suspend=n,address=127.0.0.1:56196
Begin MonoManager ReloadAssembly
Registering precompiled unity dll's ...
Register platform support module: C:/Program Files/Unity/Hub/Editor/2021.3.7f1/Editor/Data/PlaybackEngines/AndroidPlayer/UnityEditor.Android.Extensions.dll
Register platform support module: C:/Program Files/Unity/Hub/Editor/2021.3.7f1/Editor/Data/PlaybackEngines/WindowsStandaloneSupport/UnityEditor.WindowsStandalone.Extensions.dll
Registered in 0.006051 seconds.
Native extension for WindowsStandalone target not found
Native extension for Android target not found
Refreshing native plugins compatible for Editor in 98.55 ms, found 3 plugins.
Preloading 0 native plugins for Editor in 0.00 ms.
Mono: successfully reloaded assembly
- Completed reload, in  0.651 seconds
Domain Reload Profiling:
	ReloadAssembly (652ms)
		BeginReloadAssembly (66ms)
			ExecutionOrderSort (0ms)
			DisableScriptedObjects (0ms)
			BackupInstance (0ms)
			ReleaseScriptingObjects (0ms)
			CreateAndSetChildDomain (1ms)
		EndReloadAssembly (480ms)
			LoadAssemblies (65ms)
			RebuildTransferFunctionScriptingTraits (0ms)
			SetupTypeCache (114ms)
			ReleaseScriptCaches (0ms)
			RebuildScriptCaches (27ms)
			SetupLoadedEditorAssemblies (290ms)
				LogAssemblyErrors (0ms)
				InitializePlatformSupportModulesInManaged (56ms)
				SetLoadedEditorAssemblies (0ms)
				RefreshPlugins (99ms)
				BeforeProcessingInitializeOnLoad (1ms)
				ProcessInitializeOnLoadAttributes (91ms)
				ProcessInitializeOnLoadMethodAttributes (42ms)
				AfterProcessingInitializeOnLoad (0ms)
				EditorAssembliesLoaded (0ms)
			ExecutionOrderSort2 (0ms)
			AwakeInstancesAfterBackupRestoration (0ms)
Platform modules already initialized, skipping
Registering precompiled user dll's ...
Registered in 0.006764 seconds.
Begin MonoManager ReloadAssembly
Symbol file LoadedFromMemory doesn't match image C:\Users\User\Documents\GitHub\SurGU.Gamedev_Atomnoe-serdtse\Library\PackageCache\com.unity.visualscripting@1.7.8\Editor\VisualScripting.Core\Dependencies\YamlDotNet\Unity.VisualScripting.YamlDotNet.dll
Symbol file LoadedFromMemory doesn't match image C:\Users\User\Documents\GitHub\SurGU.Gamedev_Atomnoe-serdtse\Library\PackageCache\com.unity.visualscripting@1.7.8\Editor\VisualScripting.Core\Dependencies\DotNetZip\Unity.VisualScripting.IonicZip.dll
Native extension for WindowsStandalone target not found
Native extension for Android target not found
Refreshing native plugins compatible for Editor in 99.13 ms, found 3 plugins.
Preloading 0 native plugins for Editor in 0.00 ms.
Mono: successfully reloaded assembly
- Completed reload, in  1.382 seconds
Domain Reload Profiling:
	ReloadAssembly (1383ms)
		BeginReloadAssembly (227ms)
			ExecutionOrderSort (0ms)
			DisableScriptedObjects (7ms)
			BackupInstance (0ms)
			ReleaseScriptingObjects (0ms)
			CreateAndSetChildDomain (129ms)
		EndReloadAssembly (1041ms)
			LoadAssemblies (95ms)
			RebuildTransferFunctionScriptingTraits (0ms)
			SetupTypeCache (286ms)
			ReleaseScriptCaches (1ms)
			RebuildScriptCaches (59ms)
			SetupLoadedEditorAssemblies (560ms)
				LogAssemblyErrors (0ms)
				InitializePlatformSupportModulesInManaged (12ms)
				SetLoadedEditorAssemblies (0ms)
				RefreshPlugins (99ms)
				BeforeProcessingInitializeOnLoad (110ms)
				ProcessInitializeOnLoadAttributes (239ms)
				ProcessInitializeOnLoadMethodAttributes (93ms)
				AfterProcessingInitializeOnLoad (7ms)
				EditorAssembliesLoaded (0ms)
			ExecutionOrderSort2 (0ms)
			AwakeInstancesAfterBackupRestoration (7ms)
Platform modules already initialized, skipping
========================================================================
Worker process is ready to serve import requests
Launched and connected shader compiler UnityShaderCompiler.exe after 0.04 seconds
Refreshing native plugins compatible for Editor in 1.22 ms, found 3 plugins.
Preloading 0 native plugins for Editor in 0.00 ms.
Unloading 5029 Unused Serialized files (Serialized files now loaded: 0)
Unloading 34 unused Assets / (0.7 MB). Loaded Objects now: 5484.
Memory consumption went from 197.0 MB to 196.3 MB.
Total: 4.102200 ms (FindLiveObjects: 0.428200 ms CreateObjectMapping: 0.431800 ms MarkObjects: 2.762300 ms  DeleteObjects: 0.479100 ms)

AssetImportParameters requested are different than current active one (requested -> active):
  custom:video-decoder-ogg-theora: a1e56fd34408186e4bbccfd4996cb3dc -> 
  custom:container-muxer-webm: aa71ff27fc2769a1b78a27578f13a17b -> 
  custom:container-demuxer-webm: 4f35f7cbe854078d1ac9338744f61a02 -> 
  custom:video-encoder-webm-vp8: eb34c28f22e8b96e1ab97ce403110664 -> 
  custom:video-codec-MediaFoundation-h265: 746d11721c4dcdbdad8f713fa42b33f4 -> 
  custom:audio-encoder-webm-vorbis: bf7c407c2cedff20999df2af8eb42d56 -> 
  custom:framework-win-MediaFoundation: 216162199b28c13a410421893ffa2e32 -> 
  custom:container-demuxer-ogg: 62fdf1f143b41e24485cea50d1cbac27 -> 
  custom:video-decoder-webm-vp8: 9c59270c3fd7afecdb556c50c9e8de78 -> 
  custom:audio-decoder-ogg-vorbis: bf7c407c2cedff20999df2af8eb42d56 -> 
========================================================================
Received Import Request.
  Time since last request: 186608.096374 seconds.
  path: Assets/Demarin/Animations/Demarin_Walk.fbx
  artifactKey: Guid(da0817eebed21134bb085d16398c822a) Importer(815301076,1909f56bfc062723c751e8b465ee728b)
Start importing Assets/Demarin/Animations/Demarin_Walk.fbx using Guid(da0817eebed21134bb085d16398c822a) Importer(815301076,1909f56bfc062723c751e8b465ee728b)  -> (artifact id: '6b02ff8898631fc0cf430695f19389a4') in 3.045307 seconds 
========================================================================
Received Import Request.
  Time since last request: 23.246340 seconds.
  path: Assets
  artifactKey: Guid(00000000000000001000000000000000) Importer(815301076,1909f56bfc062723c751e8b465ee728b)
Start importing Assets using Guid(00000000000000001000000000000000) Importer(815301076,1909f56bfc062723c751e8b465ee728b)  -> (artifact id: '79842766b460edbeab6a34051e857a80') in 0.006844 seconds 
========================================================================
Received Import Request.
  Time since last request: 7.685271 seconds.
  path: Assets/Idle.controller
  artifactKey: Guid(17307150bc0bb3e48b17bdd6720b61c3) Importer(815301076,1909f56bfc062723c751e8b465ee728b)
Start importing Assets/Idle.controller using Guid(17307150bc0bb3e48b17bdd6720b61c3) Importer(815301076,1909f56bfc062723c751e8b465ee728b)  -> (artifact id: '267574327eb4fac3af0e88628e9de54b') in 0.009635 seconds 
========================================================================
Received Prepare
Registering precompiled user dll's ...
Registered in 0.007869 seconds.
Begin MonoManager ReloadAssembly
Symbol file LoadedFromMemory doesn't match image C:\Users\User\Documents\GitHub\SurGU.Gamedev_Atomnoe-serdtse\Library\PackageCache\com.unity.visualscripting@1.7.8\Editor\VisualScripting.Core\Dependencies\YamlDotNet\Unity.VisualScripting.YamlDotNet.dll
Symbol file LoadedFromMemory doesn't match image C:\Users\User\Documents\GitHub\SurGU.Gamedev_Atomnoe-serdtse\Library\PackageCache\com.unity.visualscripting@1.7.8\Editor\VisualScripting.Core\Dependencies\DotNetZip\Unity.VisualScripting.IonicZip.dll
Native extension for WindowsStandalone target not found
Native extension for Android target not found
Refreshing native plugins compatible for Editor in 0.78 ms, found 3 plugins.
Preloading 0 native plugins for Editor in 0.00 ms.
Mono: successfully reloaded assembly
- Completed reload, in  1.062 seconds
Domain Reload Profiling:
	ReloadAssembly (1062ms)
		BeginReloadAssembly (129ms)
			ExecutionOrderSort (0ms)
			DisableScriptedObjects (7ms)
			BackupInstance (0ms)
			ReleaseScriptingObjects (0ms)
			CreateAndSetChildDomain (40ms)
		EndReloadAssembly (840ms)
			LoadAssemblies (76ms)
			RebuildTransferFunctionScriptingTraits (0ms)
			SetupTypeCache (250ms)
			ReleaseScriptCaches (2ms)
			RebuildScriptCaches (46ms)
			SetupLoadedEditorAssemblies (383ms)
				LogAssemblyErrors (0ms)
				InitializePlatformSupportModulesInManaged (21ms)
				SetLoadedEditorAssemblies (0ms)
				RefreshPlugins (1ms)
				BeforeProcessingInitializeOnLoad (75ms)
				ProcessInitializeOnLoadAttributes (201ms)
				ProcessInitializeOnLoadMethodAttributes (79ms)
				AfterProcessingInitializeOnLoad (7ms)
				EditorAssembliesLoaded (0ms)
			ExecutionOrderSort2 (0ms)
			AwakeInstancesAfterBackupRestoration (20ms)
Platform modules already initialized, skipping
Refreshing native plugins compatible for Editor in 2.24 ms, found 3 plugins.
Preloading 0 native plugins for Editor in 0.00 ms.
Unloading 4913 Unused Serialized files (Serialized files now loaded: 0)
Unloading 27 unused Assets / (0.7 MB). Loaded Objects now: 5581.
Memory consumption went from 209.1 MB to 208.4 MB.
Total: 3.165800 ms (FindLiveObjects: 0.461200 ms CreateObjectMapping: 0.261300 ms MarkObjects: 2.200900 ms  DeleteObjects: 0.241700 ms)

AssetImportParameters requested are different than current active one (requested -> active):
  custom:video-decoder-ogg-theora: a1e56fd34408186e4bbccfd4996cb3dc -> 
  custom:container-muxer-webm: aa71ff27fc2769a1b78a27578f13a17b -> 
  custom:container-demuxer-webm: 4f35f7cbe854078d1ac9338744f61a02 -> 
  custom:video-encoder-webm-vp8: eb34c28f22e8b96e1ab97ce403110664 -> 
  custom:video-codec-MediaFoundation-h265: 746d11721c4dcdbdad8f713fa42b33f4 -> 
  custom:audio-encoder-webm-vorbis: bf7c407c2cedff20999df2af8eb42d56 -> 
  custom:framework-win-MediaFoundation: 216162199b28c13a410421893ffa2e32 -> 
  custom:container-demuxer-ogg: 62fdf1f143b41e24485cea50d1cbac27 -> 
  custom:video-decoder-webm-vp8: 9c59270c3fd7afecdb556c50c9e8de78 -> 
  custom:audio-decoder-ogg-vorbis: bf7c407c2cedff20999df2af8eb42d56 -> 
========================================================================
Received Import Request.
  Time since last request: 242.137321 seconds.
  path: Assets/Materials/Pink.mat
  artifactKey: Guid(0ea05282cb63a8c4d9901c6fdc0efcd0) Importer(815301076,1909f56bfc062723c751e8b465ee728b)
Start importing Assets/Materials/Pink.mat using Guid(0ea05282cb63a8c4d9901c6fdc0efcd0) Importer(815301076,1909f56bfc062723c751e8b465ee728b)  -> (artifact id: '91be3ab4965cd50f14a8c64cf49dd1ca') in 0.172906 seconds 
========================================================================
Received Import Request.
  Time since last request: 1.526861 seconds.
  path: Assets/Materials
  artifactKey: Guid(c2296d8490873454b858041238e5d65c) Importer(815301076,1909f56bfc062723c751e8b465ee728b)
Start importing Assets/Materials using Guid(c2296d8490873454b858041238e5d65c) Importer(815301076,1909f56bfc062723c751e8b465ee728b)  -> (artifact id: '9067281a2618dc9f353ed8e373372d9e') in 0.007844 seconds 
========================================================================
Received Import Request.
  Time since last request: 15.126311 seconds.
  path: Assets/Materials/Pol.mat
  artifactKey: Guid(a00705bca7b36e844b406631b8827bf7) Importer(815301076,1909f56bfc062723c751e8b465ee728b)
Start importing Assets/Materials/Pol.mat using Guid(a00705bca7b36e844b406631b8827bf7) Importer(815301076,1909f56bfc062723c751e8b465ee728b)  -> (artifact id: '51c1e29a52e265b2b4069c6885725b69') in 0.022839 seconds 
========================================================================
Received Import Request.
  Time since last request: 268.452537 seconds.
  path: Assets/Demarin/Animations/Demarin_Idle.fbx
  artifactKey: Guid(d8d380d66a303a54c8f0f46c5b0a556b) Importer(815301076,1909f56bfc062723c751e8b465ee728b)
Start importing Assets/Demarin/Animations/Demarin_Idle.fbx using Guid(d8d380d66a303a54c8f0f46c5b0a556b) Importer(815301076,1909f56bfc062723c751e8b465ee728b)  -> (artifact id: '1d49ce80c5a4e3e02e26d025f5b87d69') in 0.200741 seconds 
========================================================================
Received Import Request.
  Time since last request: 71.051719 seconds.
  path: Assets/Demarin/Animations/Demarin_Idle.fbx
  artifactKey: Guid(d8d380d66a303a54c8f0f46c5b0a556b) Importer(815301076,1909f56bfc062723c751e8b465ee728b)
Start importing Assets/Demarin/Animations/Demarin_Idle.fbx using Guid(d8d380d66a303a54c8f0f46c5b0a556b) Importer(815301076,1909f56bfc062723c751e8b465ee728b)  -> (artifact id: '3a8bd44dc3d4a0b7d0dc5119c7ded60c') in 0.190625 seconds 
========================================================================
Received Import Request.
  Time since last request: 56.378141 seconds.
  path: Assets/Demarin/1 textures
  artifactKey: Guid(81e1f5a4b052e134aab7cf1d767c27ec) Importer(815301076,1909f56bfc062723c751e8b465ee728b)
Start importing Assets/Demarin/1 textures using Guid(81e1f5a4b052e134aab7cf1d767c27ec) Importer(815301076,1909f56bfc062723c751e8b465ee728b)  -> (artifact id: '885810fb015254567c0d0ba28b988d7d') in 0.006679 seconds 
========================================================================
Received Import Request.
  Time since last request: 1.196888 seconds.
  path: Assets/Demarin/1 textures/CHR_Shared_Eye_HR_DiffuseMap.png
  artifactKey: Guid(dab733412aad79846951e41e760de4bc) Importer(815301076,1909f56bfc062723c751e8b465ee728b)
Start importing Assets/Demarin/1 textures/CHR_Shared_Eye_HR_DiffuseMap.png using Guid(dab733412aad79846951e41e760de4bc) Importer(815301076,1909f56bfc062723c751e8b465ee728b)  -> (artifact id: '1a7e7ab20b1f5343861aa287bbadbc0e') in 0.025038 seconds 
========================================================================
Received Import Request.
  Time since last request: 0.000022 seconds.
  path: Assets/Demarin/1 textures/CHR_Shared_EyeTeeth_NormalMap_PC.png
  artifactKey: Guid(fbe0f88dd3548cd4b871093042583f67) Importer(815301076,1909f56bfc062723c751e8b465ee728b)
Start importing Assets/Demarin/1 textures/CHR_Shared_EyeTeeth_NormalMap_PC.png using Guid(fbe0f88dd3548cd4b871093042583f67) Importer(815301076,1909f56bfc062723c751e8b465ee728b)  -> (artifact id: '6908d12405838762e4663d4c6288fed9') in 0.021537 seconds 
========================================================================
Received Import Request.
  Time since last request: 0.000028 seconds.
  path: Assets/Demarin/1 textures/pants_pants1_Roughness.png
  artifactKey: Guid(f77a4c2426679d14e8ad449e1f26d513) Importer(815301076,1909f56bfc062723c751e8b465ee728b)
Start importing Assets/Demarin/1 textures/pants_pants1_Roughness.png using Guid(f77a4c2426679d14e8ad449e1f26d513) Importer(815301076,1909f56bfc062723c751e8b465ee728b)  -> (artifact id: 'cd74bcfaeff9bc643114838f99c9c539') in 0.013981 seconds 
========================================================================
Received Import Request.
  Time since last request: 0.000031 seconds.
  path: Assets/Demarin/1 textures/Std_Cornea_L_diffuse.png
  artifactKey: Guid(7575ed3adf9bc314f8d31a52b37021bb) Importer(815301076,1909f56bfc062723c751e8b465ee728b)
Start importing Assets/Demarin/1 textures/Std_Cornea_L_diffuse.png using Guid(7575ed3adf9bc314f8d31a52b37021bb) Importer(815301076,1909f56bfc062723c751e8b465ee728b)  -> (artifact id: 'e1e906d006e01ef2a78f6851b0db0d5c') in 0.015900 seconds 
========================================================================
Received Import Request.
  Time since last request: 0.000022 seconds.
  path: Assets/Demarin/1 textures/fbx_CHR_U_ReginalBirch_Cloth_BaseColor.png
  artifactKey: Guid(2755ff68962452d4db4cd4662f0c1e34) Importer(815301076,1909f56bfc062723c751e8b465ee728b)
Start importing Assets/Demarin/1 textures/fbx_CHR_U_ReginalBirch_Cloth_BaseColor.png using Guid(2755ff68962452d4db4cd4662f0c1e34) Importer(815301076,1909f56bfc062723c751e8b465ee728b)  -> (artifact id: '32833e4b3144759af6f9bd442ea59e67') in 0.018429 seconds 
========================================================================
Received Import Request.
  Time since last request: 0.000025 seconds.
  path: Assets/Demarin/1 textures/Metal008_1K_Color_A222.jpg
  artifactKey: Guid(d04b4b1a5eae5a74d999675ec612ef24) Importer(815301076,1909f56bfc062723c751e8b465ee728b)
Start importing Assets/Demarin/1 textures/Metal008_1K_Color_A222.jpg using Guid(d04b4b1a5eae5a74d999675ec612ef24) Importer(815301076,1909f56bfc062723c751e8b465ee728b)  -> (artifact id: '7fcf01db5ea58000ff5a5c939450d3a9') in 0.015063 seconds 
========================================================================
Received Import Request.
  Time since last request: 0.000019 seconds.
  path: Assets/Demarin/1 textures/fbx_zaponki pants_Normal.png
  artifactKey: Guid(0bcac52f8dc7cee428d21365b95723f7) Importer(815301076,1909f56bfc062723c751e8b465ee728b)
Start importing Assets/Demarin/1 textures/fbx_zaponki pants_Normal.png using Guid(0bcac52f8dc7cee428d21365b95723f7) Importer(815301076,1909f56bfc062723c751e8b465ee728b)  -> (artifact id: '52c06152eccf5d3b6282034cf84bdcc7') in 0.017307 seconds 
========================================================================
Received Import Request.
  Time since last request: 0.000026 seconds.
  path: Assets/Demarin/1 textures/pugovica_DefaultMaterial_BaseColor.png
  artifactKey: Guid(88f1500d8a84a9944a476d0efa175e56) Importer(815301076,1909f56bfc062723c751e8b465ee728b)
Start importing Assets/Demarin/1 textures/pugovica_DefaultMaterial_BaseColor.png using Guid(88f1500d8a84a9944a476d0efa175e56) Importer(815301076,1909f56bfc062723c751e8b465ee728b)  -> (artifact id: 'c343e77284c10adc4e039e45bfbc2cf4') in 0.014154 seconds 
========================================================================
Received Import Request.
  Time since last request: 0.000017 seconds.
  path: Assets/Demarin/1 textures/CHR_U_ReginalBirch_Jacket_NormalMap_PC.png
  artifactKey: Guid(98b52123fec38024d8e90e2c833a822a) Importer(815301076,1909f56bfc062723c751e8b465ee728b)
Start importing Assets/Demarin/1 textures/CHR_U_ReginalBirch_Jacket_NormalMap_PC.png using Guid(98b52123fec38024d8e90e2c833a822a) Importer(815301076,1909f56bfc062723c751e8b465ee728b)  -> (artifact id: 'c3bd19472b1a8eb69c40d1c0d13685cd') in 0.013546 seconds 
========================================================================
Received Import Request.
  Time since last request: 0.000021 seconds.
  path: Assets/Demarin/1 textures/fbx_zaponki pants_Roughness.png
  artifactKey: Guid(1df9240af996ca441b301e7413adba3e) Importer(815301076,1909f56bfc062723c751e8b465ee728b)
Start importing Assets/Demarin/1 textures/fbx_zaponki pants_Roughness.png using Guid(1df9240af996ca441b301e7413adba3e) Importer(815301076,1909f56bfc062723c751e8b465ee728b)  -> (artifact id: '85ad46f2abddc8299054fba9b99bd280') in 0.014957 seconds 
========================================================================
Received Import Request.
  Time since last request: 0.000020 seconds.
  path: Assets/Demarin/1 textures/Std_Nails_diffuse.jpg
  artifactKey: Guid(f9f4f074ccd5510428b5307c64e877dd) Importer(815301076,1909f56bfc062723c751e8b465ee728b)
Start importing Assets/Demarin/1 textures/Std_Nails_diffuse.jpg using Guid(f9f4f074ccd5510428b5307c64e877dd) Importer(815301076,1909f56bfc062723c751e8b465ee728b)  -> (artifact id: '48862f1ff56fc6171e505a4c4179b77b') in 0.013522 seconds 
========================================================================
Received Import Request.
  Time since last request: 0.000019 seconds.
  path: Assets/Demarin/1 textures/fbx_cloth naruchi_Normal.png
  artifactKey: Guid(43744e642cf808b44858caf0e87e4d71) Importer(815301076,1909f56bfc062723c751e8b465ee728b)
Start importing Assets/Demarin/1 textures/fbx_cloth naruchi_Normal.png using Guid(43744e642cf808b44858caf0e87e4d71) Importer(815301076,1909f56bfc062723c751e8b465ee728b)  -> (artifact id: '7425a15e6f9373922b30eea1ad03f6c6') in 0.022905 seconds 
========================================================================
Received Import Request.
  Time since last request: 0.000020 seconds.
  path: Assets/Demarin/1 textures/Material.001_Roughness.png
  artifactKey: Guid(2d3ad89aeba0ba44cbd705a2f0273966) Importer(815301076,1909f56bfc062723c751e8b465ee728b)
Start importing Assets/Demarin/1 textures/Material.001_Roughness.png using Guid(2d3ad89aeba0ba44cbd705a2f0273966) Importer(815301076,1909f56bfc062723c751e8b465ee728b)  -> (artifact id: '0b30f7f8a1cbe99c0036facd9eea3995') in 0.020283 seconds 
========================================================================
Received Import Request.
  Time since last request: 0.000019 seconds.
  path: Assets/Demarin/1 textures/fbx_red butterfly_BaseColor.png
  artifactKey: Guid(a87502a3e2c39e3478ceca1234ab942f) Importer(815301076,1909f56bfc062723c751e8b465ee728b)
Start importing Assets/Demarin/1 textures/fbx_red butterfly_BaseColor.png using Guid(a87502a3e2c39e3478ceca1234ab942f) Importer(815301076,1909f56bfc062723c751e8b465ee728b)  -> (artifact id: '7cdae06cf2f919ae9b3ddc7b6f5a62b5') in 0.014662 seconds 
========================================================================
Received Import Request.
  Time since last request: 0.000087 seconds.
  path: Assets/Demarin/1 textures/pugovica_DefaultMaterial_Normal.png
  artifactKey: Guid(affe447731c156b46836bd99ea2fea3a) Importer(815301076,1909f56bfc062723c751e8b465ee728b)
Start importing Assets/Demarin/1 textures/pugovica_DefaultMaterial_Normal.png using Guid(affe447731c156b46836bd99ea2fea3a) Importer(815301076,1909f56bfc062723c751e8b465ee728b)  -> (artifact id: '22398fdaf0b10b22a81a9c720082c6b9') in 0.016358 seconds 
========================================================================
Received Import Request.
  Time since last request: 0.000020 seconds.
  path: Assets/Demarin/1 textures/Std_Skin_Body_diffuse.jpg
  artifactKey: Guid(cf443237402db6541bf6b6c38b5ad2bb) Importer(815301076,1909f56bfc062723c751e8b465ee728b)
Start importing Assets/Demarin/1 textures/Std_Skin_Body_diffuse.jpg using Guid(cf443237402db6541bf6b6c38b5ad2bb) Importer(815301076,1909f56bfc062723c751e8b465ee728b)  -> (artifact id: '73e39fc5023cac801aa239c566b84a3b') in 0.013884 seconds 
========================================================================
Received Import Request.
  Time since last request: 0.000020 seconds.
  path: Assets/Demarin/1 textures/fbx_Shoes pants_BaseColor.png
  artifactKey: Guid(0b273f6cc0ff6e74793f62f5a576fb8c) Importer(815301076,1909f56bfc062723c751e8b465ee728b)
Start importing Assets/Demarin/1 textures/fbx_Shoes pants_BaseColor.png using Guid(0b273f6cc0ff6e74793f62f5a576fb8c) Importer(815301076,1909f56bfc062723c751e8b465ee728b)  -> (artifact id: '1ebe4038bae1d938bdab5e3da4a82fbe') in 0.015380 seconds 
========================================================================
Received Import Request.
  Time since last request: 0.000030 seconds.
  path: Assets/Demarin/1 textures/Material.001_BaseColor.png
  artifactKey: Guid(38d09d833c8bb454c92f57663856b808) Importer(815301076,1909f56bfc062723c751e8b465ee728b)
Start importing Assets/Demarin/1 textures/Material.001_BaseColor.png using Guid(38d09d833c8bb454c92f57663856b808) Importer(815301076,1909f56bfc062723c751e8b465ee728b)  -> (artifact id: '46ff806fe70fb5fc6764595af819175b') in 0.017369 seconds 
========================================================================
Received Import Request.
  Time since last request: 0.000038 seconds.
  path: Assets/Demarin/1 textures/Material.001_Metallic.png
  artifactKey: Guid(e977717d51bd79a46a826722881cff23) Importer(815301076,1909f56bfc062723c751e8b465ee728b)
Start importing Assets/Demarin/1 textures/Material.001_Metallic.png using Guid(e977717d51bd79a46a826722881cff23) Importer(815301076,1909f56bfc062723c751e8b465ee728b)  -> (artifact id: '7b22bfcb28133fd5e07bd61a90837d16') in 0.016109 seconds 
========================================================================
Received Import Request.
  Time since last request: 0.000018 seconds.
  path: Assets/Demarin/1 textures/fbx_cloth naruchi_BaseColor.png
  artifactKey: Guid(4ca500f462c2a2546b5301eb564778e3) Importer(815301076,1909f56bfc062723c751e8b465ee728b)
Start importing Assets/Demarin/1 textures/fbx_cloth naruchi_BaseColor.png using Guid(4ca500f462c2a2546b5301eb564778e3) Importer(815301076,1909f56bfc062723c751e8b465ee728b)  -> (artifact id: '98afef11dcaaa238cf9b2f6558fb039c') in 0.014727 seconds 
========================================================================
Received Import Request.
  Time since last request: 0.000023 seconds.
  path: Assets/Demarin/1 textures/CHR_U_ReginalBirch_Jacket_SpecularMap_PC.png
  artifactKey: Guid(0c9b599da377c78429fdb335a3457424) Importer(815301076,1909f56bfc062723c751e8b465ee728b)
Start importing Assets/Demarin/1 textures/CHR_U_ReginalBirch_Jacket_SpecularMap_PC.png using Guid(0c9b599da377c78429fdb335a3457424) Importer(815301076,1909f56bfc062723c751e8b465ee728b)  -> (artifact id: '126b0d9f5e1ef19a83724f308d3c99fc') in 0.013539 seconds 
========================================================================
Received Import Request.
  Time since last request: 0.000021 seconds.
  path: Assets/Demarin/1 textures/CHR_U_Shared_Hair_HR_DiffuseMap.png
  artifactKey: Guid(cf6fe38f2b8ad7d4685c1d6b1afc0ff8) Importer(815301076,1909f56bfc062723c751e8b465ee728b)
Start importing Assets/Demarin/1 textures/CHR_U_Shared_Hair_HR_DiffuseMap.png using Guid(cf6fe38f2b8ad7d4685c1d6b1afc0ff8) Importer(815301076,1909f56bfc062723c751e8b465ee728b)  -> (artifact id: 'be18d627970a9b1f655ed73c81904754') in 0.014215 seconds 
========================================================================
Received Import Request.
  Time since last request: 0.000022 seconds.
  path: Assets/Demarin/1 textures/CHR_U_Shared_Hair_HR_NormalMap_PC.png
  artifactKey: Guid(a0dc244fe15b91c458dda8facb77fc2c) Importer(815301076,1909f56bfc062723c751e8b465ee728b)
Start importing Assets/Demarin/1 textures/CHR_U_Shared_Hair_HR_NormalMap_PC.png using Guid(a0dc244fe15b91c458dda8facb77fc2c) Importer(815301076,1909f56bfc062723c751e8b465ee728b)  -> (artifact id: 'ea704eddd38a05968886157012d464ab') in 0.014668 seconds 
========================================================================
Received Import Request.
  Time since last request: 0.000034 seconds.
  path: Assets/Demarin/1 textures/fbx_CHR_U_ReginalBirch_Jaket_BaseColor.png
  artifactKey: Guid(09afe4f0a383bf44ca42480beebee2f5) Importer(815301076,1909f56bfc062723c751e8b465ee728b)
Start importing Assets/Demarin/1 textures/fbx_CHR_U_ReginalBirch_Jaket_BaseColor.png using Guid(09afe4f0a383bf44ca42480beebee2f5) Importer(815301076,1909f56bfc062723c751e8b465ee728b)  -> (artifact id: '7d3a3880e69fcbb8c9229b70e0383079') in 0.016245 seconds 
========================================================================
Received Import Request.
  Time since last request: 0.000025 seconds.
  path: Assets/Demarin/1 textures/Std_Tearline_L_diffuse.jpeg
  artifactKey: Guid(f88390f70e91cbb4db299398e646d812) Importer(815301076,1909f56bfc062723c751e8b465ee728b)
Start importing Assets/Demarin/1 textures/Std_Tearline_L_diffuse.jpeg using Guid(f88390f70e91cbb4db299398e646d812) Importer(815301076,1909f56bfc062723c751e8b465ee728b)  -> (artifact id: 'cc3ec95f99847d1a8c73b95d9637efa3') in 0.014314 seconds 
========================================================================
Received Import Request.
  Time since last request: 0.000026 seconds.
  path: Assets/Demarin/1 textures/CHR_U_Riginald_Birch_cloth_NormalMap_PC.png
  artifactKey: Guid(c83038ea07b28424b918408c0ec497d8) Importer(815301076,1909f56bfc062723c751e8b465ee728b)
Start importing Assets/Demarin/1 textures/CHR_U_Riginald_Birch_cloth_NormalMap_PC.png using Guid(c83038ea07b28424b918408c0ec497d8) Importer(815301076,1909f56bfc062723c751e8b465ee728b)  -> (artifact id: 'e951c0958ee11770b0efeed4d50ae5e1') in 0.016332 seconds 
========================================================================
Received Import Request.
  Time since last request: 0.000022 seconds.
  path: Assets/Demarin/1 textures/CHR_Shared_M_Hand_HR_NormalMap_PC.png
  artifactKey: Guid(ec95c1e44a82e7645b0347d7c15838c3) Importer(815301076,1909f56bfc062723c751e8b465ee728b)
Start importing Assets/Demarin/1 textures/CHR_Shared_M_Hand_HR_NormalMap_PC.png using Guid(ec95c1e44a82e7645b0347d7c15838c3) Importer(815301076,1909f56bfc062723c751e8b465ee728b)  -> (artifact id: '394683c3112a1ea6d4969a9be0a6bb10') in 0.015352 seconds 
========================================================================
Received Import Request.
  Time since last request: 0.000017 seconds.
  path: Assets/Demarin/1 textures/CHR_Shared_M_Hand_HR_DiffuseMap_PC.png
  artifactKey: Guid(8bd353156d78dfb4eac9c90ded081dd9) Importer(815301076,1909f56bfc062723c751e8b465ee728b)
Start importing Assets/Demarin/1 textures/CHR_Shared_M_Hand_HR_DiffuseMap_PC.png using Guid(8bd353156d78dfb4eac9c90ded081dd9) Importer(815301076,1909f56bfc062723c751e8b465ee728b)  -> (artifact id: '722fb625538372ae10f3efdbc2168cc1') in 0.013863 seconds 
========================================================================
Received Import Request.
  Time since last request: 0.000023 seconds.
  path: Assets/Demarin/1 textures/Std_Tongue_reflection.png
  artifactKey: Guid(123df22cab3351a4299c00862ecd7a34) Importer(815301076,1909f56bfc062723c751e8b465ee728b)
Start importing Assets/Demarin/1 textures/Std_Tongue_reflection.png using Guid(123df22cab3351a4299c00862ecd7a34) Importer(815301076,1909f56bfc062723c751e8b465ee728b)  -> (artifact id: '5316c42c02a7311dad7ce9470f279535') in 0.015806 seconds 
========================================================================
Received Import Request.
  Time since last request: 0.000023 seconds.
  path: Assets/Demarin/1 textures/Std_Eye_L_diffuse.png
  artifactKey: Guid(8376f8d6db327f44282ec2041b909ec7) Importer(815301076,1909f56bfc062723c751e8b465ee728b)
Start importing Assets/Demarin/1 textures/Std_Eye_L_diffuse.png using Guid(8376f8d6db327f44282ec2041b909ec7) Importer(815301076,1909f56bfc062723c751e8b465ee728b)  -> (artifact id: 'f0fb1ca2381c7d2a567cb832e8da6568') in 0.017112 seconds 
========================================================================
Received Import Request.
  Time since last request: 0.000024 seconds.
  path: Assets/Demarin/1 textures/fbx_steel  on shoes (pants map)_Roughness.png
  artifactKey: Guid(f1c1a382f12e6bd45bc89ea603503366) Importer(815301076,1909f56bfc062723c751e8b465ee728b)
Start importing Assets/Demarin/1 textures/fbx_steel  on shoes (pants map)_Roughness.png using Guid(f1c1a382f12e6bd45bc89ea603503366) Importer(815301076,1909f56bfc062723c751e8b465ee728b)  -> (artifact id: '56cfb57967ebe7f4d34f60d82e203f25') in 0.015537 seconds 
========================================================================
Received Import Request.
  Time since last request: 0.000034 seconds.
  path: Assets/Demarin/1 textures/pants_pants1_Normal.png
  artifactKey: Guid(5fc0567c15968904f831764641c0d8b7) Importer(815301076,1909f56bfc062723c751e8b465ee728b)
Start importing Assets/Demarin/1 textures/pants_pants1_Normal.png using Guid(5fc0567c15968904f831764641c0d8b7) Importer(815301076,1909f56bfc062723c751e8b465ee728b)  -> (artifact id: '81a0a028a01b36ff365726af71bd5d57') in 0.016535 seconds 
========================================================================
Received Import Request.
  Time since last request: 0.000025 seconds.
  path: Assets/Demarin/1 textures/CHR_U_Shared_Hair_HR_DiffuseMap1.png
  artifactKey: Guid(ff266288e8ab20444826490eb0ea2405) Importer(815301076,1909f56bfc062723c751e8b465ee728b)
Start importing Assets/Demarin/1 textures/CHR_U_Shared_Hair_HR_DiffuseMap1.png using Guid(ff266288e8ab20444826490eb0ea2405) Importer(815301076,1909f56bfc062723c751e8b465ee728b)  -> (artifact id: 'b9d72874bd33be1191ef66282cc2f3a6') in 0.016172 seconds 
========================================================================
Received Import Request.
  Time since last request: 0.000045 seconds.
  path: Assets/Demarin/1 textures/fbx_zaponki pants_BaseColor.png
  artifactKey: Guid(409bfa6019c00444ca6a9a9f0cc54362) Importer(815301076,1909f56bfc062723c751e8b465ee728b)
Start importing Assets/Demarin/1 textures/fbx_zaponki pants_BaseColor.png using Guid(409bfa6019c00444ca6a9a9f0cc54362) Importer(815301076,1909f56bfc062723c751e8b465ee728b)  -> (artifact id: '6ab0e43384b72facacf888f416b8788b') in 0.017575 seconds 
========================================================================
Received Import Request.
  Time since last request: 0.000022 seconds.
  path: Assets/Demarin/1 textures/Std_Skin_Arm_diffuse.jpg
  artifactKey: Guid(f96473172a909e3489602e1b64831248) Importer(815301076,1909f56bfc062723c751e8b465ee728b)
Start importing Assets/Demarin/1 textures/Std_Skin_Arm_diffuse.jpg using Guid(f96473172a909e3489602e1b64831248) Importer(815301076,1909f56bfc062723c751e8b465ee728b)  -> (artifact id: '7fc9ca936e5fbbd38b0c52a2d82cbf7a') in 0.017274 seconds 
Editor requested this worker to shutdown with reason: Scaling down because of idle timeout
AssetImportWorker is now disconnected from the server
Process exiting
Exiting without the bug reporter. Application will terminate with return code 0